1 threads   
 N(Grid) N(Matrix)         NNZ    NRHS         COO         CSR         CSC
      64      4096       20224       1    0.898936    0.796046    0.810697
     128     16384       81408       1     0.90158    0.753024     0.74877
     256     65536      326656       1    0.835915    0.727472     0.75608
     512    262144     1308672       1    0.736128    0.689447    0.699686
    1024   1048576     5238784       1    0.745072    0.692732     0.78337
    2048   4194304    20963328       1    0.658042     0.63388    0.710621
2 threads   
 N(Grid) N(Matrix)         NNZ    NRHS         COO         CSR         CSC
      64      4096       20224       1     1.73873     1.46826     0.77277
     128     16384       81408       1     1.67762      1.4564    0.784214
     256     65536      326656       1     1.58332     1.37329    0.764672
     512    262144     1308672       1     1.41337     1.33336    0.743877
    1024   1048576     5238784       1     1.16417      1.0222    0.725719
    2048   4194304    20963328       1     1.01202    0.925825    0.703805
4 threads   
 N(Grid) N(Matrix)         NNZ    NRHS         COO         CSR         CSC
      64      4096       20224       1     3.00326     2.54122    0.738232
     128     16384       81408       1     2.88114     2.50061     0.72422
     256     65536      326656       1     2.74658     2.36109    0.712076
     512    262144     1308672       1     2.47959     2.31699    0.679503
    1024   1048576     5238784       1     2.17716     1.92691    0.632608
    2048   4194304    20963328       1     2.25759     1.95658    0.658042
8 threads   
 N(Grid) N(Matrix)         NNZ    NRHS         COO         CSR         CSC
      64      4096       20224       1     3.07311     2.59105    0.380817
     128     16384       81408       1      3.0121     2.50061     0.38084
     256     65536      326656       1      2.9257     2.40325    0.367711
     512    262144     1308672       1     2.47959     2.20838    0.355117
    1024   1048576     5238784       1     2.66097     2.17716    0.351449
    2048   4194304    20963328       1     2.71747     2.32926     0.45929
