 
*   *   *
Running 1 thread:
# elapsed time [read]: 389 ms
Converged in 10 iterations
# elapsed time [pagerank]: 26 ms
0	8.161e-06
1	9.00028e-06
2	9.67916e-06
3	6.90643e-06
4	9.82013e-06
5	1.20038e-05
6	7.26421e-06
7	9.23e-06
8	1.08702e-05
9	8.86938e-06
# elapsed time [rank]: 6 ms
0	3672	2.31338e-05
1	91108	2.25884e-05
2	33315	2.21325e-05
3	66141	2.18748e-05
4	83689	2.18169e-05
5	96781	2.15255e-05
6	78444	2.15254e-05
7	90917	2.14171e-05
8	13430	2.13848e-05
9	79167	2.13773e-05
*   *   *
Running 2 threads:
# elapsed time [read]: 413 ms
Converged in 10 iterations
# elapsed time [pagerank]: 27 ms
0	8.161e-06
1	9.00028e-06
2	9.67916e-06
3	6.90643e-06
4	9.82013e-06
5	1.20038e-05
6	7.26421e-06
7	9.23e-06
8	1.08702e-05
9	8.86938e-06
# elapsed time [rank]: 6 ms
0	3672	2.31338e-05
1	91108	2.25884e-05
2	33315	2.21325e-05
3	66141	2.18748e-05
4	83689	2.18169e-05
5	96781	2.15255e-05
6	78444	2.15254e-05
7	90917	2.14171e-05
8	13430	2.13848e-05
9	79167	2.13773e-05
*   *   *
Running 4 threads:
# elapsed time [read]: 439 ms
Converged in 10 iterations
# elapsed time [pagerank]: 26 ms
0	8.161e-06
1	9.00028e-06
2	9.67916e-06
3	6.90643e-06
4	9.82013e-06
5	1.20038e-05
6	7.26421e-06
7	9.23e-06
8	1.08702e-05
9	8.86938e-06
# elapsed time [rank]: 6 ms
0	3672	2.31338e-05
1	91108	2.25884e-05
2	33315	2.21325e-05
3	66141	2.18748e-05
4	83689	2.18169e-05
5	96781	2.15255e-05
6	78444	2.15254e-05
7	90917	2.14171e-05
8	13430	2.13848e-05
9	79167	2.13773e-05
*   *   *
Running 8 threads:
# elapsed time [read]: 400 ms
Converged in 10 iterations
# elapsed time [pagerank]: 36 ms
0	8.161e-06
1	9.00028e-06
2	9.67916e-06
3	6.90643e-06
4	9.82013e-06
5	1.20038e-05
6	7.26421e-06
7	9.23e-06
8	1.08702e-05
9	8.86938e-06
# elapsed time [rank]: 6 ms
0	3672	2.31338e-05
1	91108	2.25884e-05
2	33315	2.21325e-05
3	66141	2.18748e-05
4	83689	2.18169e-05
5	96781	2.15255e-05
6	78444	2.15254e-05
7	90917	2.14171e-05
8	13430	2.13848e-05
9	79167	2.13773e-05
