*		*		*
Baseline(except COO):
1 threads   
 N(Grid) N(Matrix)         NNZ         COO       COO^T         CSR       CSR^T         CSC       CSC^T
      64      4096       20224     1.30808     1.57588     1.72532     2.04221     1.77112     1.83612
     128     16384       81408     1.43278     1.89235     1.92874     1.82354     1.82354     1.92874
     256     65536      326656     1.28998     1.64656     1.70191     1.87525     1.89277     1.67377
     512    262144     1308672     1.24635      1.3169     1.66181     1.48502      1.4244      1.6751
    1024   1048576     5238784     1.14754     1.20492     1.60656     1.40926     1.28183     1.52522
    2048   4194304    20963328    0.942172      1.0226     1.32052     1.20652     1.23769       1.331
2 threads   
 N(Grid) N(Matrix)         NNZ         COO       COO^T         CSR       CSR^T         CSC       CSC^T
      64      4096       20224     2.53338     1.74032     1.88808     1.92439     1.96212     1.87044
     128     16384       81408     2.78596     2.57166     1.89235     1.85731     1.71444     1.91037
     256     65536      326656     2.38267     2.44008     1.74592     1.80827     1.80827     1.74592
     512    262144     1308672     2.25148     2.43474     1.56259     1.34223     1.48502     1.57434
    1024   1048576     5238784     1.81191     2.04224     1.56483     1.42594     1.42594     1.47843
    2048   4194304    20963328     1.53859    0.908979     1.29005     1.17689      1.2022     1.31021
4 threads   
 N(Grid) N(Matrix)         NNZ         COO       COO^T         CSR       CSR^T         CSC       CSC^T
      64      4096       20224     4.88138     1.61401     1.65402     1.71057     1.71057     1.65402
     128     16384       81408     5.01473     4.77594     1.71444     1.67158     1.60471     1.27764
     256     65536      326656     3.21471     3.43266     1.70191     1.63328     1.66006     1.67377
     512    262144     1308672     4.10564     4.10564     1.37755     1.16976      1.1897      1.5173
    1024   1048576     5238784     3.65127     2.83511     1.44302     1.24219     1.19893     1.56483
    2048   4194304    20963328     2.99476     2.09633     1.24227      1.1979     1.18103     1.31021
8 threads   
 N(Grid) N(Matrix)         NNZ         COO       COO^T         CSR       CSR^T         CSC       CSC^T
      64      4096       20224     6.45602     2.50171     1.01592     1.74032    0.957592     1.71057
     128     16384       81408     4.45754     3.71462     1.01308     1.64417     1.63081     1.65776
     256     65536      326656     5.32965     4.82206     0.97839     1.42624     1.58224     1.64656
     512    262144     1308672     5.81632     4.45505    0.947455     1.12574     1.22449     1.53961
    1024   1048576     5238784     4.81968     4.30329     1.35384     1.36149     1.25513     1.35384
    2048   4194304    20963328     4.53261      4.1409      1.2705     1.10333     1.11804     1.29503
    *		*		*
    *		*		*
With just pragma for:
1 threads   
 N(Grid) N(Matrix)         NNZ         COO       COO^T         CSR       CSR^T         CSC       CSC^T
      64      4096       20224     1.41941     1.92439     1.80303     2.02158     2.04221     1.92439
     128     16384       81408     1.36455     1.57944     1.84027     1.92874     2.00589     1.92874
     256     65536      326656     1.25793     1.66006     1.85804     1.62021      1.5947       1.731
     512    262144     1308672     1.27675     1.16326     1.44405     1.48502     1.45408     1.56259
    1024   1048576     5238784     1.12086      1.1421     1.65058     1.41755     1.39297     1.66196
    2048   4194304    20963328     1.00725     1.00423     1.32052     1.22414      1.1566       1.331
2 threads   
 N(Grid) N(Matrix)         NNZ         COO       COO^T         CSR       CSR^T         CSC       CSC^T
      64      4096       20224     2.66849     2.04221     3.70624     3.63885     3.22801     3.57387
     128     16384       81408      2.7478      2.7478     3.71462     2.50737     3.71462     3.71462
     256     65536      326656     2.32789     2.53158     3.43266     3.02279     2.93517     3.61655
     512    262144     1308672     2.20408     1.88637     2.86832     2.71932     2.71932     3.12519
    1024   1048576     5238784     2.02508     2.05969     2.86886     2.38598    0.899194     2.97511
    2048   4194304    20963328     1.54568    0.904079     2.10952     0.98942    0.882666     2.17801
4 threads   
 N(Grid) N(Matrix)         NNZ         COO       COO^T         CSR       CSR^T         CSC       CSC^T
      64      4096       20224     4.88138     1.62713     6.45602     2.02158     1.92439     6.45602
     128     16384       81408     5.01473     4.66487     6.68631     3.51911     4.36064     6.68631
     256     65536      326656     4.50059     3.61655     6.13717     5.95667     6.13717     5.19299
     512    262144     1308672     4.18775     3.48979     5.23469     4.86948      4.5519     5.10701
    1024   1048576     5238784     3.59678     3.17084     4.54687     3.82514     3.30115     4.81968
    2048   4194304    20963328     3.10568     2.23609     3.94604     2.86678     2.50308     3.76869
8 threads   
 N(Grid) N(Matrix)         NNZ         COO       COO^T         CSR       CSR^T         CSC       CSC^T
      64      4096       20224      5.4091     2.47082     6.67122     2.30042     2.27428     5.88637
     128     16384       81408     5.42133     3.93312     6.91687     4.09366     4.01179     5.89969
     256     65536      326656     4.70992      5.4737     6.75089     5.62574     5.32965     6.32896
     512    262144     1308672     4.10564     4.45505     5.81632      4.5519     5.10701     6.15846
    1024   1048576     5238784     3.70745     3.54388      5.0205     4.54687     4.72518     5.87766
    2048   4194304    20963328     5.08202     4.47218     6.21136     4.72413     5.49858     5.59022
*		*		*
    *		*		*
with CSC pramga critical:
1 threads   
 N(Grid) N(Matrix)         NNZ         COO       COO^T         CSR       CSR^T         CSC       CSC^T
      64      4096       20224     1.36147     1.87044     1.77112     1.72532     1.74032     1.81942
     128     16384       81408     1.35533     1.67158     1.84027     1.91037     1.68562     1.75956
     256     65536      326656     1.25016     1.63328     1.82457     1.85804     1.63328       1.731
     512    262144     1308672     1.26902     1.21737     1.64872     1.49563     1.33368     1.37755
    1024   1048576     5238784     1.13138     1.09043     1.58542     1.35384     1.36149     1.56483
    2048   4194304    20963328    0.969402    0.992347     1.32574     1.17689     1.13699     1.30511
2 threads   
 N(Grid) N(Matrix)         NNZ         COO       COO^T         CSR       CSR^T         CSC       CSC^T
      64      4096       20224     2.63338     2.15201     3.39215     2.98711     3.77616     3.63885
     128     16384       81408     2.60506     3.34316     3.39982     2.63933     2.71067     3.58195
     256     65536      326656     2.46984      2.5965     3.16448     3.02279     3.16448     3.21471
     512    262144     1308672     2.18112     2.46338      3.0346     2.46338     2.71932     2.86832
    1024   1048576     5238784     1.75901     1.94342     2.83511     2.64818    0.795327      2.6776
    2048   4194304    20963328     1.53157    0.894435     2.10952    0.921465    0.866701     2.05775
4 threads   
 N(Grid) N(Matrix)         NNZ         COO       COO^T         CSR       CSR^T         CSC       CSC^T
      64      4096       20224     4.88138     1.72532     5.55935     1.87044     1.81942     5.71819
     128     16384       81408     4.55885     3.85749     6.26842     3.93312     4.55885     5.73112
     256     65536      326656     4.30908      4.1332     5.78648     5.19299     5.06317     5.62574
     512    262144     1308672     3.80705     3.67347     4.86948      4.5519     4.75881     4.75881
    1024   1048576     5238784       3.347      3.0123     4.22779     3.59678     3.12966     4.63431
    2048   4194304    20963328     3.04921     2.16396     3.85532     2.22128     2.28172     3.60659
8 threads   
 N(Grid) N(Matrix)         NNZ         COO       COO^T         CSR       CSR^T         CSC       CSC^T
      64      4096       20224     5.00342     2.32717     5.88637     2.15201      2.1993     5.88637
     128     16384       81408     5.27867      3.7847     6.68631     3.64708      3.7847     6.47062
     256     65536      326656     4.50059     5.19299     6.32896      5.4737      5.4737     6.32896
     512    262144     1308672     4.75881     4.36224     4.86948     4.65306     4.86948     5.65912
    1024   1048576     5238784     4.08448     3.88684      4.1549     3.95056      4.0164     5.12732
    2048   4194304    20963328     4.79162     4.30017     5.88444     4.65852     4.93255     5.24083

    *		*		*
    *		*		*
    
    1 threads   
 N(Grid) N(Matrix)         NNZ         COO       COO^T         CSR       CSR^T         CSC       CSC^T
      64      4096       20224      1.3708     1.51619     1.74032     1.90606     1.85312     1.75559
     128     16384       81408     1.35533     1.87467     1.63081     1.84027     2.00589     1.77513
     256     65536      326656     1.14422     1.45703     1.79227     1.43636     1.63328     1.68772
     512    262144     1308672     1.00185     1.21033     1.44405     1.24635     1.32524     1.49563
    1024   1048576     5238784    0.975644     1.12086     1.28868     1.20492      1.3097     1.36923
    2048   4194304    20963328    0.929123    0.936909       1.331     1.07161     1.23769      1.2705
2 threads   
 N(Grid) N(Matrix)         NNZ         COO       COO^T         CSR       CSR^T         CSC       CSC^T
      64      4096       20224     2.59918     2.15201     3.28093     1.87044     3.70624     3.39215
     128     16384       81408     2.67452     3.18396     3.51911     2.11147     2.78596     3.58195
     256     65536      326656     2.46984     1.63328     3.43266     3.32011     2.85249     3.16448
     512    262144     1308672     2.27595     2.15863     2.99125     2.79183     2.79183     2.86832
    1024   1048576     5238784     1.75901     1.40107     2.56366     2.64818    0.885971     2.80214
    2048   4194304    20963328     1.52461    0.864467     2.12287    0.961069    0.836442     2.07045
4 threads   
 N(Grid) N(Matrix)         NNZ         COO       COO^T         CSR       CSR^T         CSC       CSC^T
      64      4096       20224     4.88138     1.75559      5.4091     1.62713     1.58839     4.88138
     128     16384       81408     4.66487     3.51911     5.57193     4.55885     5.42133     5.57193
     256     65536      326656     4.21931     3.89474      5.4737     4.82206     4.82206     5.19299
     512    262144     1308672     3.67347     3.67347      4.5519     4.02668     4.36224     4.86948
    1024   1048576     5238784     3.44263     2.86886     4.38153     3.44263     3.17084     4.63431
    2048   4194304    20963328     2.96826     2.15008     3.81151     2.16396     1.85311     3.45787
8 threads   
 N(Grid) N(Matrix)         NNZ         COO       COO^T         CSR       CSR^T         CSC       CSC^T
      64      4096       20224     4.76516     2.27428     5.71819      2.1067     2.04221     5.13171
     128     16384       81408     4.66487     3.51911     5.89969     3.64708     3.93312     6.26842
     256     65536      326656     4.40275     4.70992     5.62574     4.70992      5.4737     6.32896
     512    262144     1308672     4.65306     4.36224      5.5102     4.36224     4.75881      5.5102
    1024   1048576     5238784     3.95056     3.82514     4.91804     4.30329     4.30329      5.0205
    2048   4194304    20963328      4.5947     3.94604     5.49858     4.41333      4.1409      5.1602
