 
Norm_block_reduction: 
           N  Sequential    1 thread   2 threads   4 threads   8 threads      1 thread     2 threads     4 threads     8 threads
         128     21.0526    0.632912    0.422923    0.314071    0.121603             0             0             0             0
         256     13.5135    0.846383    0.768345    0.609757    0.220995   1.94081e-16             0             0             0
         512     15.3847      1.0142     1.24301     1.09171    0.441502   2.65147e-16   1.32574e-16             0             0
        1024     16.6668     1.20701     1.75594     1.82984     0.89486   5.75284e-16   3.83523e-16   1.91761e-16             0
        2048     17.8574     1.30295     2.23217     2.80902     1.80671   5.39584e-16   2.69792e-16   2.69792e-16   2.69792e-16
        4096      18.349     1.35596     2.54459     3.71755     2.75488   7.61607e-16   5.71205e-16   1.90402e-16             0
* 		* 		*
Norm_block_critical: 
           N  Sequential    1 thread   2 threads   4 threads   8 threads      1 thread     2 threads     4 threads     8 threads
         128     14.9254      4.9505     5.11509     5.22194     4.27351             0             0             0             0
         256     21.9781     8.40337     8.43883     8.43883     8.29877             0             0             0             0
         512     17.8572     11.6279     11.9048     11.2995     11.9048             0             0             0             0
        1024     19.8021     15.1516     14.9255      13.889     12.9871             0             0             0             0
        2048     21.9783     18.6918     18.5187     17.5441     18.3488             0             0             0             0
        4096     21.9785     19.6083     20.0004     19.4179     16.0004             0             0             0             0
* 		* 		*
Norm_cyclic_critical: 
           N  Sequential    1 thread   2 threads   4 threads   8 threads      1 thread     2 threads     4 threads     8 threads
         128     18.1818    0.640821    0.359131    0.273523    0.159732             0      0.166479      0.251262      0.411014
         256     13.0719    0.798723    0.563699    0.507615    0.283126   1.94081e-16      0.235913      0.357212      0.393712
         512     15.5039     1.02302    0.788335    0.836123    0.472703   2.65147e-16      0.256049      0.399066      0.572887
        1024     16.6668     1.14286     0.98766     1.24147    0.751319   5.75284e-16      0.272566      0.467906      0.539852
        2048     17.8574     1.20483     1.11921     1.61945    0.540693   5.39584e-16      0.286129      0.465383      0.579332
        4096     17.2418     1.24613     1.20123     1.92868     1.30722   7.61607e-16      0.281526      0.473908      0.598114
* 		* 		*
Norm_cyclic_reduction: 
           N  Sequential    1 thread   2 threads   4 threads   8 threads      1 thread     2 threads     4 threads     8 threads
         128     18.3486    0.414336    0.299671    0.205825   0.0893177             0             0             0             0
         256     12.6582    0.624221    0.557414    0.431314    0.168976   1.94081e-16             0   1.94081e-16             0
         512     15.0376    0.846026    0.949219    0.829878    0.337953   2.65147e-16   1.32574e-16             0             0
        1024     16.0001     1.01266      1.4588     1.51058    0.621508   5.75284e-16   3.83523e-16   1.91761e-16             0
        2048     17.3915     1.11484     1.96081     2.39237     1.31063   5.39584e-16   2.69792e-16   4.04688e-16   2.69792e-16
        4096     17.6995     1.20849     2.35299     3.37276     2.44504   7.61607e-16   5.71205e-16   1.90402e-16             0
* 		* 		*
Norm_parfor: 
           N  Sequential    1 thread   2 threads   4 threads   8 threads      1 thread     2 threads     4 threads     8 threads
         128     18.3486    0.700281     0.45208    0.313382    0.189054             0             0      0.136771      0.278837
         256     13.0719    0.908679    0.784007    0.600782    0.341939   1.94081e-16     0.0974542      0.290684        0.4924
         512     15.0376     1.04767     1.23533     1.08873    0.667781   2.65147e-16      0.188436      0.282487      0.469637
        1024     16.6668     1.14811      1.7544     1.86048     1.24767   5.75284e-16      0.240182      0.421405       0.53187
        2048     17.8574     1.19262     2.16219     2.73227     1.84164   5.39584e-16      0.267797      0.465286      0.554853
        4096      18.349     1.25003     2.49693     3.68332     2.96303   7.61607e-16      0.286966      0.462605      0.636371
